TN:
SF:src/buffer.ts
FN:15,(anonymous_9)
FN:23,(anonymous_10)
FN:24,(anonymous_11)
FN:25,(anonymous_12)
FN:28,(anonymous_13)
FN:35,(anonymous_14)
FN:55,(anonymous_15)
FNF:7
FNH:0
FNDA:0,(anonymous_9)
FNDA:0,(anonymous_10)
FNDA:0,(anonymous_11)
FNDA:0,(anonymous_12)
FNDA:0,(anonymous_13)
FNDA:0,(anonymous_14)
FNDA:0,(anonymous_15)
DA:1,0
DA:9,0
DA:10,0
DA:12,0
DA:13,0
DA:16,0
DA:17,0
DA:18,0
DA:20,0
DA:24,0
DA:25,0
DA:29,0
DA:30,0
DA:31,0
DA:36,0
DA:37,0
DA:38,0
DA:39,0
DA:47,0
DA:48,0
DA:50,0
DA:51,0
DA:56,0
DA:57,0
LF:24
LH:0
BRDA:30,0,0,0
BRDA:30,0,1,0
BRDA:36,1,0,0
BRDA:36,1,1,0
BRDA:47,2,0,0
BRDA:47,2,1,0
BRDA:56,3,0,0
BRDA:56,3,1,0
BRF:8
BRH:0
end_of_record
TN:
SF:src/eventListener.ts
FN:8,(anonymous_9)
FN:14,(anonymous_10)
FN:15,(anonymous_11)
FN:26,(anonymous_12)
FN:27,(anonymous_13)
FN:28,(anonymous_14)
FN:31,(anonymous_15)
FNF:7
FNH:0
FNDA:0,(anonymous_9)
FNDA:0,(anonymous_10)
FNDA:0,(anonymous_11)
FNDA:0,(anonymous_12)
FNDA:0,(anonymous_13)
FNDA:0,(anonymous_14)
FNDA:0,(anonymous_15)
DA:1,0
DA:4,0
DA:5,0
DA:6,0
DA:9,0
DA:10,0
DA:11,0
DA:15,0
DA:16,0
DA:17,0
DA:18,0
DA:19,0
DA:21,0
DA:22,0
DA:23,0
DA:26,0
DA:27,0
DA:28,0
DA:32,0
LF:19
LH:0
BRDA:18,0,0,0
BRDA:18,0,1,0
BRF:2
BRH:0
end_of_record
TN:
SF:src/extension.ts
FN:20,updateActivityStatus
FN:30,trackUserActivity
FN:37,activate
FN:73,(anonymous_12)
FN:133,(anonymous_13)
FN:152,(anonymous_14)
FN:159,(anonymous_15)
FN:164,(anonymous_16)
FN:169,(anonymous_17)
FN:174,(anonymous_18)
FN:180,(anonymous_19)
FN:186,(anonymous_20)
FN:192,(anonymous_21)
FN:198,(anonymous_22)
FN:199,(anonymous_23)
FN:204,(anonymous_24)
FN:211,(anonymous_25)
FN:218,(anonymous_26)
FN:222,(anonymous_27)
FN:223,(anonymous_28)
FN:235,(anonymous_29)
FN:257,(anonymous_30)
FN:261,(anonymous_31)
FN:265,(anonymous_32)
FN:278,deactivate
FNF:25
FNH:0
FNDA:0,updateActivityStatus
FNDA:0,trackUserActivity
FNDA:0,activate
FNDA:0,(anonymous_12)
FNDA:0,(anonymous_13)
FNDA:0,(anonymous_14)
FNDA:0,(anonymous_15)
FNDA:0,(anonymous_16)
FNDA:0,(anonymous_17)
FNDA:0,(anonymous_18)
FNDA:0,(anonymous_19)
FNDA:0,(anonymous_20)
FNDA:0,(anonymous_21)
FNDA:0,(anonymous_22)
FNDA:0,(anonymous_23)
FNDA:0,(anonymous_24)
FNDA:0,(anonymous_25)
FNDA:0,(anonymous_26)
FNDA:0,(anonymous_27)
FNDA:0,(anonymous_28)
FNDA:0,(anonymous_29)
FNDA:0,(anonymous_30)
FNDA:0,(anonymous_31)
FNDA:0,(anonymous_32)
FNDA:0,deactivate
DA:1,0
DA:2,0
DA:3,0
DA:4,0
DA:5,0
DA:6,0
DA:7,0
DA:8,0
DA:9,0
DA:10,0
DA:11,0
DA:14,0
DA:15,0
DA:16,0
DA:17,0
DA:21,0
DA:23,0
DA:24,0
DA:25,0
DA:26,0
DA:31,0
DA:32,0
DA:33,0
DA:34,0
DA:37,0
DA:38,0
DA:40,0
DA:41,0
DA:42,0
DA:44,0
DA:47,0
DA:48,0
DA:49,0
DA:50,0
DA:51,0
DA:54,0
DA:55,0
DA:56,0
DA:57,0
DA:59,0
DA:60,0
DA:63,0
DA:64,0
DA:65,0
DA:66,0
DA:69,0
DA:73,0
DA:74,0
DA:75,0
DA:76,0
DA:79,0
DA:80,0
DA:82,0
DA:88,0
DA:89,0
DA:90,0
DA:93,0
DA:96,0
DA:98,0
DA:101,0
DA:102,0
DA:104,0
DA:105,0
DA:106,0
DA:107,0
DA:110,0
DA:111,0
DA:113,0
DA:114,0
DA:115,0
DA:116,0
DA:120,0
DA:121,0
DA:122,0
DA:123,0
DA:126,0
DA:128,0
DA:129,0
DA:130,0
DA:131,0
DA:132,0
DA:133,0
DA:135,0
DA:136,0
DA:137,0
DA:139,0
DA:143,0
DA:144,0
DA:148,0
DA:151,0
DA:152,0
DA:153,0
DA:154,0
DA:157,0
DA:160,0
DA:161,0
DA:165,0
DA:166,0
DA:170,0
DA:171,0
DA:175,0
DA:176,0
DA:181,0
DA:182,0
DA:187,0
DA:188,0
DA:193,0
DA:194,0
DA:199,0
DA:200,0
DA:205,0
DA:206,0
DA:211,0
DA:212,0
DA:215,0
DA:218,0
DA:219,0
DA:222,0
DA:223,0
DA:224,0
DA:225,0
DA:228,0
DA:229,0
DA:230,0
DA:234,0
DA:236,0
DA:237,0
DA:238,0
DA:239,0
DA:241,0
DA:244,0
DA:245,0
DA:246,0
DA:247,0
DA:250,0
DA:251,0
DA:254,0
DA:258,0
DA:262,0
DA:266,0
DA:271,0
DA:272,0
DA:275,0
DA:278,0
DA:279,0
LF:145
LH:0
BRDA:21,0,0,0
BRDA:21,0,1,0
BRDA:25,1,0,0
BRDA:25,1,1,0
BRDA:54,2,0,0
BRDA:54,2,1,0
BRDA:59,3,0,0
BRDA:59,3,1,0
BRDA:65,4,0,0
BRDA:65,4,1,0
BRDA:74,5,0,0
BRDA:74,5,1,0
BRDA:121,6,0,0
BRDA:121,6,1,0
BRDA:128,7,0,0
BRDA:128,7,1,0
BRDA:129,8,0,0
BRDA:129,8,1,0
BRDA:131,9,0,0
BRDA:131,9,1,0
BRDA:181,10,0,0
BRDA:181,10,1,0
BRDA:182,11,0,0
BRDA:182,11,1,0
BRDA:224,12,0,0
BRDA:224,12,1,0
BRDA:236,13,0,0
BRDA:236,13,1,0
BRDA:244,14,0,0
BRDA:244,14,1,0
BRDA:250,15,0,0
BRDA:250,15,1,0
BRF:32
BRH:0
end_of_record
TN:
SF:src/sessionManager.ts
FN:14,(anonymous_0)
FN:20,(anonymous_1)
FN:35,(anonymous_2)
FNF:3
FNH:0
FNDA:0,(anonymous_0)
FNDA:0,(anonymous_1)
FNDA:0,(anonymous_2)
DA:8,0
DA:15,0
DA:16,0
DA:17,0
DA:21,0
DA:28,0
DA:29,0
DA:30,0
DA:31,0
DA:32,0
DA:36,0
DA:37,0
LF:12
LH:0
BRDA:36,0,0,0
BRDA:36,0,1,0
BRF:2
BRH:0
end_of_record
TN:
SF:src/statusBarManager.ts
FN:34,(anonymous_9)
FN:61,(anonymous_10)
FN:72,(anonymous_11)
FN:82,(anonymous_12)
FN:93,(anonymous_13)
FN:102,(anonymous_14)
FN:121,(anonymous_15)
FN:157,(anonymous_16)
FN:184,(anonymous_17)
FN:196,(anonymous_18)
FN:238,(anonymous_19)
FN:267,(anonymous_20)
FN:303,(anonymous_21)
FN:309,(anonymous_22)
FN:317,(anonymous_23)
FN:329,(anonymous_24)
FN:356,(anonymous_25)
FN:368,(anonymous_26)
FN:378,(anonymous_27)
FN:397,(anonymous_28)
FN:440,(anonymous_29)
FN:453,(anonymous_30)
FN:460,(anonymous_31)
FN:466,(anonymous_32)
FN:469,(anonymous_33)
FNF:25
FNH:0
FNDA:0,(anonymous_9)
FNDA:0,(anonymous_10)
FNDA:0,(anonymous_11)
FNDA:0,(anonymous_12)
FNDA:0,(anonymous_13)
FNDA:0,(anonymous_14)
FNDA:0,(anonymous_15)
FNDA:0,(anonymous_16)
FNDA:0,(anonymous_17)
FNDA:0,(anonymous_18)
FNDA:0,(anonymous_19)
FNDA:0,(anonymous_20)
FNDA:0,(anonymous_21)
FNDA:0,(anonymous_22)
FNDA:0,(anonymous_23)
FNDA:0,(anonymous_24)
FNDA:0,(anonymous_25)
FNDA:0,(anonymous_26)
FNDA:0,(anonymous_27)
FNDA:0,(anonymous_28)
FNDA:0,(anonymous_29)
FNDA:0,(anonymous_30)
FNDA:0,(anonymous_31)
FNDA:0,(anonymous_32)
FNDA:0,(anonymous_33)
DA:1,0
DA:10,0
DA:13,0
DA:14,0
DA:15,0
DA:16,0
DA:17,0
DA:18,0
DA:19,0
DA:20,0
DA:21,0
DA:22,0
DA:29,0
DA:30,0
DA:31,0
DA:32,0
DA:34,0
DA:35,0
DA:38,0
DA:39,0
DA:41,0
DA:42,0
DA:43,0
DA:46,0
DA:47,0
DA:53,0
DA:56,0
DA:57,0
DA:58,0
DA:61,0
DA:63,0
DA:64,0
DA:73,0
DA:83,0
DA:85,0
DA:86,0
DA:87,0
DA:88,0
DA:91,0
DA:92,0
DA:94,0
DA:95,0
DA:96,0
DA:98,0
DA:103,0
DA:107,0
DA:108,0
DA:109,0
DA:110,0
DA:111,0
DA:114,0
DA:116,0
DA:117,0
DA:122,0
DA:124,0
DA:126,0
DA:127,0
DA:128,0
DA:129,0
DA:130,0
DA:133,0
DA:134,0
DA:135,0
DA:136,0
DA:137,0
DA:140,0
DA:141,0
DA:142,0
DA:143,0
DA:144,0
DA:147,0
DA:148,0
DA:149,0
DA:150,0
DA:151,0
DA:153,0
DA:158,0
DA:159,0
DA:160,0
DA:161,0
DA:163,0
DA:164,0
DA:165,0
DA:166,0
DA:168,0
DA:169,0
DA:170,0
DA:174,0
DA:175,0
DA:176,0
DA:177,0
DA:180,0
DA:185,0
DA:186,0
DA:187,0
DA:188,0
DA:191,0
DA:192,0
DA:196,0
DA:197,0
DA:199,0
DA:200,0
DA:201,0
DA:204,0
DA:205,0
DA:206,0
DA:208,0
DA:212,0
DA:213,0
DA:214,0
DA:215,0
DA:216,0
DA:220,0
DA:221,0
DA:223,0
DA:226,0
DA:227,0
DA:230,0
DA:231,0
DA:233,0
DA:239,0
DA:242,0
DA:244,0
DA:245,0
DA:246,0
DA:247,0
DA:248,0
DA:249,0
DA:253,0
DA:254,0
DA:256,0
DA:259,0
DA:260,0
DA:263,0
DA:264,0
DA:268,0
DA:269,0
DA:270,0
DA:273,0
DA:277,0
DA:280,0
DA:281,0
DA:284,0
DA:286,0
DA:287,0
DA:291,0
DA:294,0
DA:299,0
DA:306,0
DA:310,0
DA:311,0
DA:313,0
DA:318,0
DA:319,0
DA:326,0
DA:330,0
DA:333,0
DA:335,0
DA:336,0
DA:339,0
DA:342,0
DA:346,0
DA:347,0
DA:351,0
DA:352,0
DA:356,0
DA:357,0
DA:358,0
DA:360,0
DA:361,0
DA:365,0
DA:369,0
DA:370,0
DA:371,0
DA:373,0
DA:374,0
DA:375,0
DA:380,0
DA:381,0
DA:382,0
DA:383,0
DA:384,0
DA:387,0
DA:388,0
DA:389,0
DA:391,0
DA:392,0
DA:393,0
DA:394,0
DA:398,0
DA:399,0
DA:400,0
DA:403,0
DA:405,0
DA:406,0
DA:407,0
DA:409,0
DA:410,0
DA:412,0
DA:416,0
DA:417,0
DA:419,0
DA:422,0
DA:426,0
DA:430,0
DA:432,0
DA:433,0
DA:435,0
DA:441,0
DA:443,0
DA:444,0
DA:446,0
DA:448,0
DA:449,0
DA:454,0
DA:455,0
DA:456,0
DA:457,0
DA:463,0
DA:467,0
DA:469,0
DA:470,0
DA:471,0
DA:473,0
DA:478,0
DA:479,0
DA:480,0
LF:227
LH:0
BRDA:86,0,0,0
BRDA:86,0,1,0
BRDA:86,1,0,0
BRDA:86,1,1,0
BRDA:95,2,0,0
BRDA:95,2,1,0
BRDA:109,3,0,0
BRDA:109,3,1,0
BRDA:158,4,0,0
BRDA:158,4,1,0
BRDA:161,5,0,0
BRDA:161,5,1,0
BRDA:168,6,0,0
BRDA:168,6,1,0
BRDA:191,7,0,0
BRDA:191,7,1,0
BRDA:197,8,0,0
BRDA:197,8,1,0
BRDA:204,9,0,0
BRDA:204,9,1,0
BRDA:206,10,0,0
BRDA:206,10,1,0
BRDA:220,11,0,0
BRDA:220,11,1,0
BRDA:227,12,0,0
BRDA:227,12,1,0
BRDA:231,13,0,0
BRDA:231,13,1,0
BRDA:239,14,0,0
BRDA:239,14,1,0
BRDA:253,15,0,0
BRDA:253,15,1,0
BRDA:260,16,0,0
BRDA:260,16,1,0
BRDA:264,17,0,0
BRDA:264,17,1,0
BRDA:270,18,0,0
BRDA:270,18,1,0
BRDA:273,19,0,0
BRDA:273,19,1,0
BRDA:273,20,0,0
BRDA:273,20,1,0
BRDA:273,20,2,0
BRDA:284,21,0,0
BRDA:284,21,1,0
BRDA:310,22,0,0
BRDA:310,22,1,0
BRDA:320,23,0,0
BRDA:320,23,1,0
BRDA:321,24,0,0
BRDA:321,24,1,0
BRDA:322,25,0,0
BRDA:322,25,1,0
BRDA:323,26,0,0
BRDA:323,26,1,0
BRDA:333,27,0,0
BRDA:333,27,1,0
BRDA:339,28,0,0
BRDA:339,28,1,0
BRDA:342,29,0,0
BRDA:342,29,1,0
BRDA:347,30,0,0
BRDA:347,30,1,0
BRDA:351,31,0,0
BRDA:351,31,1,0
BRDA:360,32,0,0
BRDA:360,32,1,0
BRDA:369,33,0,0
BRDA:369,33,1,0
BRDA:380,34,0,0
BRDA:380,34,1,0
BRDA:381,35,0,0
BRDA:381,35,1,0
BRDA:391,36,0,0
BRDA:391,36,1,0
BRDA:398,37,0,0
BRDA:398,37,1,0
BRDA:403,38,0,0
BRDA:403,38,1,0
BRDA:409,39,0,0
BRDA:409,39,1,0
BRDA:419,40,0,0
BRDA:419,40,1,0
BRDA:422,41,0,0
BRDA:422,41,1,0
BRDA:426,42,0,0
BRDA:426,42,1,0
BRDA:432,43,0,0
BRDA:432,43,1,0
BRDA:441,44,0,0
BRDA:441,44,1,0
BRDA:443,45,0,0
BRDA:443,45,1,0
BRDA:444,46,0,0
BRDA:444,46,1,0
BRDA:446,47,0,0
BRDA:446,47,1,0
BRDA:454,48,0,0
BRDA:454,48,1,0
BRDA:478,49,0,0
BRDA:478,49,1,0
BRF:101
BRH:0
end_of_record
TN:
SF:src/commands/manageCustomReminders.ts
FN:5,registerCustomReminderCommands
FN:9,(anonymous_10)
FN:14,(anonymous_11)
FN:21,showRemindersQuickPick
FN:38,(anonymous_13)
FN:70,addNewReminder
FN:74,(anonymous_15)
FN:88,(anonymous_16)
FN:98,(anonymous_17)
FN:120,editReminder
FN:160,formatSeconds
FN:171,getReminderDetails
FNF:12
FNH:0
FNDA:0,registerCustomReminderCommands
FNDA:0,(anonymous_10)
FNDA:0,(anonymous_11)
FNDA:0,showRemindersQuickPick
FNDA:0,(anonymous_13)
FNDA:0,addNewReminder
FNDA:0,(anonymous_15)
FNDA:0,(anonymous_16)
FNDA:0,(anonymous_17)
FNDA:0,editReminder
FNDA:0,formatSeconds
FNDA:0,getReminderDetails
DA:1,0
DA:2,0
DA:5,0
DA:6,0
DA:9,0
DA:10,0
DA:14,0
DA:15,0
DA:18,0
DA:22,0
DA:23,0
DA:38,0
DA:47,0
DA:53,0
DA:55,0
DA:57,0
DA:58,0
DA:60,0
DA:61,0
DA:63,0
DA:65,0
DA:66,0
DA:71,0
DA:74,0
DA:77,0
DA:79,0
DA:85,0
DA:89,0
DA:90,0
DA:91,0
DA:95,0
DA:97,0
DA:98,0
DA:105,0
DA:107,0
DA:116,0
DA:117,0
DA:121,0
DA:128,0
DA:132,0
DA:134,0
DA:136,0
DA:137,0
DA:140,0
DA:143,0
DA:144,0
DA:145,0
DA:147,0
DA:152,0
DA:153,0
DA:154,0
DA:156,0
DA:161,0
DA:162,0
DA:164,0
DA:165,0
DA:166,0
DA:168,0
DA:172,0
DA:179,0
DA:180,0
DA:181,0
DA:182,0
DA:183,0
DA:184,0
DA:186,0
DA:187,0
DA:191,0
LF:68
LH:0
BRDA:39,0,0,0
BRDA:39,0,1,0
BRDA:53,1,0,0
BRDA:53,1,1,0
BRDA:55,2,0,0
BRDA:55,2,1,0
BRDA:55,2,2,0
BRDA:60,3,0,0
BRDA:60,3,1,0
BRDA:74,4,0,0
BRDA:74,4,1,0
BRDA:77,5,0,0
BRDA:77,5,1,0
BRDA:79,6,0,0
BRDA:79,6,1,0
BRDA:90,7,0,0
BRDA:90,7,1,0
BRDA:90,8,0,0
BRDA:90,8,1,0
BRDA:95,9,0,0
BRDA:95,9,1,0
BRDA:105,10,0,0
BRDA:105,10,1,0
BRDA:132,11,0,0
BRDA:132,11,1,0
BRDA:134,12,0,0
BRDA:134,12,1,0
BRDA:134,12,2,0
BRDA:138,13,0,0
BRDA:138,13,1,0
BRDA:152,14,0,0
BRDA:152,14,1,0
BRDA:165,15,0,0
BRDA:165,15,1,0
BRDA:165,16,0,0
BRDA:165,16,1,0
BRDA:166,17,0,0
BRDA:166,17,1,0
BRDA:166,18,0,0
BRDA:166,18,1,0
BRDA:166,19,0,0
BRDA:166,19,1,0
BRDA:175,20,0,0
BRDA:175,20,1,0
BRDA:176,21,0,0
BRDA:176,21,1,0
BRDA:179,22,0,0
BRDA:179,22,1,0
BRDA:181,23,0,0
BRDA:181,23,1,0
BRDA:182,24,0,0
BRDA:182,24,1,0
BRDA:183,25,0,0
BRDA:183,25,1,0
BRDA:186,26,0,0
BRDA:186,26,1,0
BRF:56
BRH:0
end_of_record
TN:
SF:src/models/CustomReminder.ts
FN:43,(anonymous_0)
FN:59,(anonymous_1)
FN:98,(anonymous_2)
FN:109,(anonymous_3)
FN:120,(anonymous_4)
FN:131,(anonymous_5)
FN:142,(anonymous_6)
FNF:7
FNH:0
FNDA:0,(anonymous_0)
FNDA:0,(anonymous_1)
FNDA:0,(anonymous_2)
FNDA:0,(anonymous_3)
FNDA:0,(anonymous_4)
FNDA:0,(anonymous_5)
FNDA:0,(anonymous_6)
DA:31,1
DA:44,0
DA:45,0
DA:46,0
DA:47,0
DA:48,0
DA:49,0
DA:50,0
DA:51,0
DA:52,0
DA:53,0
DA:60,0
DA:63,0
DA:64,0
DA:65,0
DA:69,0
DA:70,0
DA:71,0
DA:73,0
DA:74,0
DA:79,0
DA:80,0
DA:81,0
DA:86,0
DA:87,0
DA:88,0
DA:92,0
DA:99,0
DA:109,0
DA:121,0
DA:131,0
DA:143,0
LF:32
LH:1
BRDA:44,0,0,0
BRDA:44,0,1,0
BRDA:45,1,0,0
BRDA:45,1,1,0
BRDA:46,2,0,0
BRDA:46,2,1,0
BRDA:47,3,0,0
BRDA:47,3,1,0
BRDA:48,4,0,0
BRDA:48,4,1,0
BRDA:50,5,0,0
BRDA:50,5,1,0
BRDA:51,6,0,0
BRDA:51,6,1,0
BRDA:52,7,0,0
BRDA:52,7,1,0
BRDA:53,8,0,0
BRDA:53,8,1,0
BRDA:60,9,0,0
BRDA:60,9,1,0
BRDA:64,10,0,0
BRDA:64,10,1,0
BRDA:64,11,0,0
BRDA:64,11,1,0
BRDA:69,12,0,0
BRDA:69,12,1,0
BRDA:70,13,0,0
BRDA:70,13,1,0
BRDA:70,14,0,0
BRDA:70,14,1,0
BRDA:73,15,0,0
BRDA:73,15,1,0
BRDA:73,16,0,0
BRDA:73,16,1,0
BRDA:79,17,0,0
BRDA:79,17,1,0
BRDA:79,18,0,0
BRDA:79,18,1,0
BRDA:80,19,0,0
BRDA:80,19,1,0
BRDA:86,20,0,0
BRDA:86,20,1,0
BRDA:86,21,0,0
BRDA:86,21,1,0
BRDA:87,22,0,0
BRDA:87,22,1,0
BRDA:106,23,0,0
BRDA:106,23,1,0
BRDA:128,24,0,0
BRDA:128,24,1,0
BRDA:129,25,0,0
BRDA:129,25,1,0
BRDA:130,26,0,0
BRDA:130,26,1,0
BRDA:131,27,0,0
BRDA:131,27,1,0
BRF:56
BRH:0
end_of_record
TN:
SF:src/models/ExtendedMetricsCollector.ts
FN:10,(anonymous_9)
FN:15,(anonymous_10)
FN:23,(anonymous_11)
FN:27,(anonymous_12)
FN:31,(anonymous_13)
FN:36,(anonymous_14)
FN:40,(anonymous_15)
FN:44,(anonymous_16)
FN:48,(anonymous_17)
FN:52,(anonymous_18)
FN:56,(anonymous_19)
FN:87,(anonymous_20)
FN:119,(anonymous_21)
FN:143,(anonymous_22)
FN:153,(anonymous_23)
FN:157,(anonymous_24)
FN:189,(anonymous_25)
FN:203,(anonymous_26)
FN:209,(anonymous_27)
FNF:19
FNH:0
FNDA:0,(anonymous_9)
FNDA:0,(anonymous_10)
FNDA:0,(anonymous_11)
FNDA:0,(anonymous_12)
FNDA:0,(anonymous_13)
FNDA:0,(anonymous_14)
FNDA:0,(anonymous_15)
FNDA:0,(anonymous_16)
FNDA:0,(anonymous_17)
FNDA:0,(anonymous_18)
FNDA:0,(anonymous_19)
FNDA:0,(anonymous_20)
FNDA:0,(anonymous_21)
FNDA:0,(anonymous_22)
FNDA:0,(anonymous_23)
FNDA:0,(anonymous_24)
FNDA:0,(anonymous_25)
FNDA:0,(anonymous_26)
FNDA:0,(anonymous_27)
DA:1,0
DA:5,0
DA:8,0
DA:11,0
DA:12,0
DA:16,0
DA:17,0
DA:19,0
DA:24,0
DA:28,0
DA:32,0
DA:37,0
DA:41,0
DA:45,0
DA:49,0
DA:53,0
DA:63,0
DA:65,0
DA:66,0
DA:69,0
DA:70,0
DA:74,0
DA:75,0
DA:76,0
DA:79,0
DA:80,0
DA:81,0
DA:83,0
DA:94,0
DA:95,0
DA:96,0
DA:98,0
DA:99,0
DA:103,0
DA:104,0
DA:112,0
DA:113,0
DA:114,0
DA:116,0
DA:120,0
DA:122,0
DA:123,0
DA:126,0
DA:128,0
DA:129,0
DA:131,0
DA:132,0
DA:135,0
DA:136,0
DA:137,0
DA:140,0
DA:144,0
DA:145,0
DA:154,0
DA:162,0
DA:164,0
DA:165,0
DA:168,0
DA:169,0
DA:173,0
DA:174,0
DA:175,0
DA:178,0
DA:179,0
DA:183,0
DA:185,0
DA:191,0
DA:200,0
DA:204,0
DA:205,0
DA:210,0
DA:211,0
LF:72
LH:0
BRDA:16,0,0,0
BRDA:16,0,1,0
BRDA:63,1,0,0
BRDA:63,1,1,0
BRDA:66,2,0,0
BRDA:66,2,1,0
BRDA:69,3,0,0
BRDA:69,3,1,0
BRDA:74,4,0,0
BRDA:74,4,1,0
BRDA:74,5,0,0
BRDA:74,5,1,0
BRDA:75,6,0,0
BRDA:75,6,1,0
BRDA:76,7,0,0
BRDA:76,7,1,0
BRDA:79,8,0,0
BRDA:79,8,1,0
BRDA:80,9,0,0
BRDA:80,9,1,0
BRDA:81,10,0,0
BRDA:81,10,1,0
BRDA:96,11,0,0
BRDA:96,11,1,0
BRDA:98,12,0,0
BRDA:98,12,1,0
BRDA:103,13,0,0
BRDA:103,13,1,0
BRDA:114,14,0,0
BRDA:114,14,1,0
BRDA:122,15,0,0
BRDA:122,15,1,0
BRDA:126,16,0,0
BRDA:126,16,1,0
BRDA:126,16,2,0
BRDA:128,17,0,0
BRDA:128,17,1,0
BRDA:131,18,0,0
BRDA:131,18,1,0
BRDA:135,19,0,0
BRDA:135,19,1,0
BRDA:136,20,0,0
BRDA:136,20,1,0
BRDA:162,21,0,0
BRDA:162,21,1,0
BRDA:165,22,0,0
BRDA:165,22,1,0
BRDA:168,23,0,0
BRDA:168,23,1,0
BRDA:173,24,0,0
BRDA:173,24,1,0
BRDA:173,25,0,0
BRDA:173,25,1,0
BRDA:174,26,0,0
BRDA:174,26,1,0
BRDA:175,27,0,0
BRDA:175,27,1,0
BRDA:178,28,0,0
BRDA:178,28,1,0
BRDA:183,29,0,0
BRDA:183,29,1,0
BRDA:204,30,0,0
BRDA:204,30,1,0
BRDA:210,31,0,0
BRDA:210,31,1,0
BRF:65
BRH:0
end_of_record
TN:
SF:src/models/IMetricsProvider.ts
FN:28,(anonymous_0)
FN:32,(anonymous_1)
FN:36,(anonymous_2)
FNF:3
FNH:0
FNDA:0,(anonymous_0)
FNDA:0,(anonymous_1)
FNDA:0,(anonymous_2)
DA:27,1
DA:29,0
DA:33,0
DA:37,0
LF:4
LH:1
BRF:0
BRH:0
end_of_record
TN:
SF:src/models/Metrics.ts
FN:84,(anonymous_9)
FN:88,(anonymous_10)
FN:92,(anonymous_11)
FN:96,(anonymous_12)
FN:105,(anonymous_13)
FN:109,(anonymous_14)
FN:117,(anonymous_15)
FN:122,(anonymous_16)
FN:151,(anonymous_17)
FN:158,(anonymous_18)
FN:166,(anonymous_19)
FN:177,(anonymous_20)
FN:198,(anonymous_21)
FN:203,(anonymous_22)
FN:207,(anonymous_23)
FN:211,(anonymous_24)
FN:212,(anonymous_25)
FN:215,(anonymous_26)
FN:219,(anonymous_27)
FN:228,(anonymous_28)
FN:237,(anonymous_29)
FN:244,(anonymous_30)
FN:254,(anonymous_31)
FNF:23
FNH:0
FNDA:0,(anonymous_9)
FNDA:0,(anonymous_10)
FNDA:0,(anonymous_11)
FNDA:0,(anonymous_12)
FNDA:0,(anonymous_13)
FNDA:0,(anonymous_14)
FNDA:0,(anonymous_15)
FNDA:0,(anonymous_16)
FNDA:0,(anonymous_17)
FNDA:0,(anonymous_18)
FNDA:0,(anonymous_19)
FNDA:0,(anonymous_20)
FNDA:0,(anonymous_21)
FNDA:0,(anonymous_22)
FNDA:0,(anonymous_23)
FNDA:0,(anonymous_24)
FNDA:0,(anonymous_25)
FNDA:0,(anonymous_26)
FNDA:0,(anonymous_27)
FNDA:0,(anonymous_28)
FNDA:0,(anonymous_29)
FNDA:0,(anonymous_30)
FNDA:0,(anonymous_31)
DA:1,0
DA:78,0
DA:80,0
DA:81,0
DA:100,0
DA:101,0
DA:102,0
DA:103,0
DA:106,0
DA:110,0
DA:111,0
DA:113,0
DA:118,0
DA:123,0
DA:126,0
DA:127,0
DA:131,0
DA:132,0
DA:133,0
DA:134,0
DA:135,0
DA:139,0
DA:140,0
DA:143,0
DA:144,0
DA:145,0
DA:147,0
DA:152,0
DA:153,0
DA:154,0
DA:155,0
DA:159,0
DA:160,0
DA:161,0
DA:162,0
DA:167,0
DA:168,0
DA:169,0
DA:170,0
DA:171,0
DA:172,0
DA:173,0
DA:178,0
DA:193,0
DA:199,0
DA:200,0
DA:204,0
DA:208,0
DA:212,0
DA:216,0
DA:220,0
DA:229,0
DA:238,0
DA:245,0
DA:255,0
LF:55
LH:0
BRDA:110,0,0,0
BRDA:110,0,1,0
BRDA:123,1,0,0
BRDA:123,1,1,0
BRDA:126,2,0,0
BRDA:126,2,1,0
BRDA:131,3,0,0
BRDA:131,3,1,0
BRDA:132,4,0,0
BRDA:132,4,1,0
BRDA:134,5,0,0
BRDA:134,5,1,0
BRDA:139,6,0,0
BRDA:139,6,1,0
BRDA:144,7,0,0
BRDA:144,7,1,0
BRDA:159,8,0,0
BRDA:159,8,1,0
BRDA:167,9,0,0
BRDA:167,9,1,0
BRDA:167,10,0,0
BRDA:167,10,1,0
BRDA:185,11,0,0
BRDA:185,11,1,0
BRF:24
BRH:0
end_of_record
TN:
SF:src/services/BackendService.ts
FN:25,(anonymous_10)
FN:45,(anonymous_11)
FN:48,(anonymous_12)
FN:55,(anonymous_13)
FN:62,(anonymous_14)
FN:63,(anonymous_15)
FN:94,(anonymous_16)
FN:101,(anonymous_17)
FN:111,(anonymous_18)
FN:126,(anonymous_19)
FN:137,(anonymous_20)
FN:147,(anonymous_21)
FN:158,(anonymous_22)
FN:168,(anonymous_23)
FN:178,(anonymous_24)
FN:188,(anonymous_25)
FN:199,(anonymous_26)
FN:219,(anonymous_27)
FN:228,(anonymous_28)
FN:232,(anonymous_29)
FN:241,(anonymous_30)
FN:256,(anonymous_31)
FN:272,(anonymous_32)
FN:288,(anonymous_33)
FN:298,(anonymous_34)
FNF:25
FNH:0
FNDA:0,(anonymous_10)
FNDA:0,(anonymous_11)
FNDA:0,(anonymous_12)
FNDA:0,(anonymous_13)
FNDA:0,(anonymous_14)
FNDA:0,(anonymous_15)
FNDA:0,(anonymous_16)
FNDA:0,(anonymous_17)
FNDA:0,(anonymous_18)
FNDA:0,(anonymous_19)
FNDA:0,(anonymous_20)
FNDA:0,(anonymous_21)
FNDA:0,(anonymous_22)
FNDA:0,(anonymous_23)
FNDA:0,(anonymous_24)
FNDA:0,(anonymous_25)
FNDA:0,(anonymous_26)
FNDA:0,(anonymous_27)
FNDA:0,(anonymous_28)
FNDA:0,(anonymous_29)
FNDA:0,(anonymous_30)
FNDA:0,(anonymous_31)
FNDA:0,(anonymous_32)
FNDA:0,(anonymous_33)
FNDA:0,(anonymous_34)
DA:1,0
DA:2,0
DA:18,0
DA:21,0
DA:23,0
DA:26,0
DA:27,0
DA:29,0
DA:30,0
DA:33,0
DA:42,0
DA:47,0
DA:49,0
DA:50,0
DA:51,0
DA:53,0
DA:56,0
DA:61,0
DA:62,0
DA:64,0
DA:66,0
DA:68,0
DA:69,0
DA:71,0
DA:72,0
DA:74,0
DA:75,0
DA:77,0
DA:78,0
DA:80,0
DA:82,0
DA:84,0
DA:87,0
DA:89,0
DA:95,0
DA:96,0
DA:98,0
DA:102,0
DA:103,0
DA:104,0
DA:106,0
DA:107,0
DA:112,0
DA:113,0
DA:114,0
DA:116,0
DA:117,0
DA:121,0
DA:122,0
DA:127,0
DA:128,0
DA:129,0
DA:130,0
DA:132,0
DA:133,0
DA:138,0
DA:139,0
DA:140,0
DA:142,0
DA:143,0
DA:148,0
DA:149,0
DA:150,0
DA:152,0
DA:153,0
DA:159,0
DA:160,0
DA:161,0
DA:163,0
DA:164,0
DA:169,0
DA:170,0
DA:171,0
DA:173,0
DA:174,0
DA:179,0
DA:180,0
DA:181,0
DA:183,0
DA:184,0
DA:189,0
DA:190,0
DA:191,0
DA:193,0
DA:194,0
DA:200,0
DA:201,0
DA:203,0
DA:204,0
DA:205,0
DA:210,0
DA:212,0
DA:213,0
DA:214,0
DA:216,0
DA:218,0
DA:219,0
DA:224,0
DA:225,0
DA:229,0
DA:233,0
DA:242,0
DA:243,0
DA:244,0
DA:245,0
DA:246,0
DA:247,0
DA:249,0
DA:251,0
DA:252,0
DA:257,0
DA:258,0
DA:259,0
DA:260,0
DA:261,0
DA:262,0
DA:264,0
DA:266,0
DA:267,0
DA:273,0
DA:274,0
DA:275,0
DA:276,0
DA:277,0
DA:279,0
DA:281,0
DA:283,0
DA:284,0
DA:289,0
DA:290,0
DA:291,0
DA:293,0
DA:294,0
DA:299,0
DA:300,0
DA:301,0
DA:303,0
DA:304,0
LF:138
LH:0
BRDA:29,0,0,0
BRDA:29,0,1,0
BRDA:50,1,0,0
BRDA:50,1,1,0
BRDA:64,2,0,0
BRDA:64,2,1,0
BRDA:66,3,0,0
BRDA:66,3,1,0
BRDA:66,3,2,0
BRDA:66,3,3,0
BRDA:66,3,4,0
BRDA:82,4,0,0
BRDA:82,4,1,0
BRDA:95,5,0,0
BRDA:95,5,1,0
BRDA:114,6,0,0
BRDA:114,6,1,0
BRDA:128,7,0,0
BRDA:128,7,1,0
BRDA:161,8,0,0
BRDA:161,8,1,0
BRDA:171,9,0,0
BRDA:171,9,1,0
BRDA:181,10,0,0
BRDA:181,10,1,0
BRDA:199,11,0,0
BRDA:216,12,0,0
BRDA:216,12,1,0
BRDA:228,13,0,0
BRDA:232,14,0,0
BRDA:244,15,0,0
BRDA:244,15,1,0
BRDA:259,16,0,0
BRDA:259,16,1,0
BRDA:275,17,0,0
BRDA:275,17,1,0
BRDA:275,18,0,0
BRDA:275,18,1,0
BRF:38
BRH:0
end_of_record
TN:
SF:src/services/CustomReminderService.ts
FN:28,(anonymous_9)
FN:35,(anonymous_10)
FN:42,(anonymous_11)
FN:46,(anonymous_12)
FN:53,(anonymous_13)
FN:63,(anonymous_14)
FN:78,(anonymous_15)
FN:82,(anonymous_16)
FN:91,(anonymous_17)
FN:97,(anonymous_18)
FN:98,(anonymous_19)
FN:100,(anonymous_20)
FN:114,(anonymous_21)
FN:117,(anonymous_22)
FN:126,(anonymous_23)
FN:137,(anonymous_24)
FN:143,(anonymous_25)
FN:148,(anonymous_26)
FN:157,(anonymous_27)
FN:162,(anonymous_28)
FN:174,(anonymous_29)
FN:200,(anonymous_30)
FN:207,(anonymous_31)
FN:211,(anonymous_32)
FN:215,(anonymous_33)
FN:224,(anonymous_34)
FN:232,(anonymous_35)
FN:237,(anonymous_36)
FN:248,(anonymous_37)
FNF:29
FNH:8
FNDA:0,(anonymous_9)
FNDA:0,(anonymous_10)
FNDA:0,(anonymous_11)
FNDA:5,(anonymous_12)
FNDA:5,(anonymous_13)
FNDA:5,(anonymous_14)
FNDA:5,(anonymous_15)
FNDA:0,(anonymous_16)
FNDA:0,(anonymous_17)
FNDA:0,(anonymous_18)
FNDA:0,(anonymous_19)
FNDA:0,(anonymous_20)
FNDA:5,(anonymous_21)
FNDA:0,(anonymous_22)
FNDA:0,(anonymous_23)
FNDA:0,(anonymous_24)
FNDA:5,(anonymous_25)
FNDA:0,(anonymous_26)
FNDA:0,(anonymous_27)
FNDA:0,(anonymous_28)
FNDA:0,(anonymous_29)
FNDA:0,(anonymous_30)
FNDA:0,(anonymous_31)
FNDA:0,(anonymous_32)
FNDA:0,(anonymous_33)
FNDA:0,(anonymous_34)
FNDA:0,(anonymous_35)
FNDA:5,(anonymous_36)
FNDA:10,(anonymous_37)
DA:1,1
DA:2,1
DA:3,1
DA:4,1
DA:6,1
DA:13,1
DA:14,1
DA:15,5
DA:17,5
DA:18,1
DA:20,5
DA:21,5
DA:22,1
DA:29,0
DA:36,0
DA:43,0
DA:47,5
DA:48,5
DA:49,5
DA:50,5
DA:54,5
DA:55,5
DA:56,0
DA:58,5
DA:60,5
DA:64,5
DA:66,5
DA:67,5
DA:68,5
DA:69,5
DA:70,5
DA:71,5
DA:73,0
DA:74,0
DA:79,5
DA:80,5
DA:81,5
DA:82,0
DA:84,5
DA:86,0
DA:87,0
DA:93,0
DA:94,0
DA:97,0
DA:98,0
DA:99,0
DA:100,0
DA:101,0
DA:102,0
DA:103,0
DA:105,0
DA:106,0
DA:108,0
DA:116,5
DA:118,0
DA:119,0
DA:125,5
DA:127,0
DA:128,0
DA:130,0
DA:136,5
DA:144,5
DA:145,0
DA:148,5
DA:149,0
DA:150,0
DA:152,0
DA:163,0
DA:164,0
DA:165,0
DA:167,0
DA:168,0
DA:169,0
DA:176,0
DA:179,0
DA:180,0
DA:189,0
DA:191,0
DA:192,0
DA:196,0
DA:201,0
DA:202,0
DA:203,0
DA:204,0
DA:208,0
DA:212,0
DA:216,0
DA:217,0
DA:219,0
DA:220,0
DA:221,0
DA:225,0
DA:226,0
DA:227,0
DA:229,0
DA:238,5
DA:239,5
DA:240,5
DA:249,10
DA:250,5
DA:251,5
LF:101
LH:43
BRDA:48,0,0,5
BRDA:48,0,1,0
BRDA:54,1,0,5
BRDA:54,1,1,0
BRDA:55,2,0,0
BRDA:55,2,1,5
BRDA:64,3,0,0
BRDA:64,3,1,5
BRDA:93,4,0,0
BRDA:93,4,1,0
BRDA:118,5,0,0
BRDA:118,5,1,0
BRDA:144,6,0,0
BRDA:144,6,1,5
BRDA:168,7,0,0
BRDA:168,7,1,0
BRDA:179,8,0,0
BRDA:179,8,1,0
BRDA:184,9,0,0
BRDA:184,9,1,0
BRDA:189,10,0,0
BRDA:189,10,1,0
BRDA:217,11,0,0
BRDA:217,11,1,0
BRDA:226,12,0,0
BRDA:226,12,1,0
BRDA:238,13,0,5
BRDA:238,13,1,0
BRDA:249,14,0,5
BRDA:249,14,1,5
BRF:30
BRH:8
end_of_record
TN:
SF:src/services/GitService.ts
FN:30,(anonymous_9)
FN:35,(anonymous_10)
FN:45,(anonymous_11)
FN:57,(anonymous_12)
FN:66,(anonymous_13)
FN:69,(anonymous_14)
FN:72,(anonymous_15)
FN:78,(anonymous_16)
FN:80,(anonymous_17)
FN:85,(anonymous_18)
FN:106,(anonymous_19)
FN:120,(anonymous_20)
FN:175,(anonymous_21)
FN:198,(anonymous_22)
FN:199,(anonymous_23)
FN:203,(anonymous_24)
FNF:16
FNH:0
FNDA:0,(anonymous_9)
FNDA:0,(anonymous_10)
FNDA:0,(anonymous_11)
FNDA:0,(anonymous_12)
FNDA:0,(anonymous_13)
FNDA:0,(anonymous_14)
FNDA:0,(anonymous_15)
FNDA:0,(anonymous_16)
FNDA:0,(anonymous_17)
FNDA:0,(anonymous_18)
FNDA:0,(anonymous_19)
FNDA:0,(anonymous_20)
FNDA:0,(anonymous_21)
FNDA:0,(anonymous_22)
FNDA:0,(anonymous_23)
FNDA:0,(anonymous_24)
DA:1,0
DA:4,0
DA:5,0
DA:6,0
DA:8,0
DA:22,0
DA:24,0
DA:25,0
DA:26,0
DA:27,0
DA:28,0
DA:31,0
DA:32,0
DA:36,0
DA:37,0
DA:38,0
DA:40,0
DA:42,0
DA:47,0
DA:48,0
DA:49,0
DA:50,0
DA:52,0
DA:53,0
DA:58,0
DA:59,0
DA:60,0
DA:62,0
DA:68,0
DA:70,0
DA:73,0
DA:80,0
DA:81,0
DA:86,0
DA:88,0
DA:89,0
DA:90,0
DA:92,0
DA:93,0
DA:94,0
DA:96,0
DA:97,0
DA:98,0
DA:102,0
DA:107,0
DA:109,0
DA:113,0
DA:115,0
DA:116,0
DA:121,0
DA:122,0
DA:123,0
DA:124,0
DA:125,0
DA:126,0
DA:127,0
DA:129,0
DA:130,0
DA:132,0
DA:133,0
DA:144,0
DA:145,0
DA:147,0
DA:148,0
DA:157,0
DA:158,0
DA:159,0
DA:160,0
DA:161,0
DA:163,0
DA:164,0
DA:165,0
DA:166,0
DA:167,0
DA:172,0
DA:176,0
DA:179,0
DA:180,0
DA:199,0
DA:200,0
DA:204,0
DA:205,0
DA:206,0
DA:208,0
DA:209,0
LF:85
LH:0
BRDA:31,0,0,0
BRDA:31,0,1,0
BRDA:36,1,0,0
BRDA:36,1,1,0
BRDA:38,2,0,0
BRDA:38,2,1,0
BRDA:78,3,0,0
BRDA:86,4,0,0
BRDA:86,4,1,0
BRDA:90,5,0,0
BRDA:90,5,1,0
BRDA:96,6,0,0
BRDA:96,6,1,0
BRDA:96,7,0,0
BRDA:96,7,1,0
BRDA:106,8,0,0
BRDA:130,9,0,0
BRDA:130,9,1,0
BRDA:130,10,0,0
BRDA:130,10,1,0
BRDA:145,11,0,0
BRDA:145,11,1,0
BRDA:145,12,0,0
BRDA:145,12,1,0
BRDA:147,13,0,0
BRDA:147,13,1,0
BRDA:161,14,0,0
BRDA:161,14,1,0
BRDA:161,15,0,0
BRDA:161,15,1,0
BRDA:164,16,0,0
BRDA:164,16,1,0
BRDA:165,17,0,0
BRDA:165,17,1,0
BRDA:166,18,0,0
BRDA:166,18,1,0
BRDA:179,19,0,0
BRDA:179,19,1,0
BRDA:185,20,0,0
BRDA:185,20,1,0
BRDA:186,21,0,0
BRDA:186,21,1,0
BRDA:187,22,0,0
BRDA:187,22,1,0
BRDA:191,23,0,0
BRDA:191,23,1,0
BRF:46
BRH:0
end_of_record
TN:
SF:src/services/HealthService.ts
FN:46,(anonymous_9)
FN:71,(anonymous_10)
FN:86,(anonymous_11)
FN:92,(anonymous_12)
FN:100,(anonymous_13)
FN:162,(anonymous_14)
FN:165,(anonymous_15)
FN:174,(anonymous_16)
FN:180,(anonymous_17)
FN:181,(anonymous_18)
FN:182,(anonymous_19)
FN:186,(anonymous_20)
FN:187,(anonymous_21)
FN:191,(anonymous_22)
FN:196,(anonymous_23)
FN:202,(anonymous_24)
FN:217,(anonymous_25)
FN:288,(anonymous_26)
FN:348,(anonymous_27)
FN:412,(anonymous_28)
FN:433,(anonymous_29)
FN:479,(anonymous_30)
FN:488,(anonymous_31)
FN:502,(anonymous_32)
FN:508,(anonymous_33)
FN:510,(anonymous_34)
FNF:26
FNH:0
FNDA:0,(anonymous_9)
FNDA:0,(anonymous_10)
FNDA:0,(anonymous_11)
FNDA:0,(anonymous_12)
FNDA:0,(anonymous_13)
FNDA:0,(anonymous_14)
FNDA:0,(anonymous_15)
FNDA:0,(anonymous_16)
FNDA:0,(anonymous_17)
FNDA:0,(anonymous_18)
FNDA:0,(anonymous_19)
FNDA:0,(anonymous_20)
FNDA:0,(anonymous_21)
FNDA:0,(anonymous_22)
FNDA:0,(anonymous_23)
FNDA:0,(anonymous_24)
FNDA:0,(anonymous_25)
FNDA:0,(anonymous_26)
FNDA:0,(anonymous_27)
FNDA:0,(anonymous_28)
FNDA:0,(anonymous_29)
FNDA:0,(anonymous_30)
FNDA:0,(anonymous_31)
FNDA:0,(anonymous_32)
FNDA:0,(anonymous_33)
FNDA:0,(anonymous_34)
DA:1,0
DA:2,0
DA:3,0
DA:6,0
DA:8,0
DA:9,0
DA:10,0
DA:11,0
DA:14,0
DA:15,0
DA:16,0
DA:17,0
DA:18,0
DA:19,0
DA:23,0
DA:24,0
DA:25,0
DA:26,0
DA:27,0
DA:28,0
DA:31,0
DA:32,0
DA:33,0
DA:34,0
DA:35,0
DA:42,0
DA:43,0
DA:44,0
DA:48,0
DA:51,0
DA:54,0
DA:55,0
DA:56,0
DA:57,0
DA:58,0
DA:59,0
DA:62,0
DA:63,0
DA:64,0
DA:65,0
DA:68,0
DA:72,0
DA:73,0
DA:76,0
DA:77,0
DA:79,0
DA:80,0
DA:83,0
DA:87,0
DA:88,0
DA:89,0
DA:92,0
DA:93,0
DA:94,0
DA:95,0
DA:101,0
DA:104,0
DA:105,0
DA:106,0
DA:109,0
DA:115,0
DA:120,0
DA:121,0
DA:124,0
DA:127,0
DA:128,0
DA:129,0
DA:130,0
DA:131,0
DA:134,0
DA:135,0
DA:136,0
DA:137,0
DA:138,0
DA:140,0
DA:164,0
DA:166,0
DA:167,0
DA:168,0
DA:176,0
DA:179,0
DA:180,0
DA:181,0
DA:182,0
DA:187,0
DA:188,0
DA:192,0
DA:193,0
DA:197,0
DA:198,0
DA:199,0
DA:203,0
DA:205,0
DA:210,0
DA:212,0
DA:213,0
DA:218,0
DA:221,0
DA:226,0
DA:229,0
DA:230,0
DA:232,0
DA:233,0
DA:235,0
DA:253,0
DA:255,0
DA:256,0
DA:257,0
DA:260,0
DA:261,0
DA:264,0
DA:265,0
DA:267,0
DA:271,0
DA:272,0
DA:273,0
DA:274,0
DA:275,0
DA:276,0
DA:278,0
DA:279,0
DA:282,0
DA:283,0
DA:289,0
DA:292,0
DA:296,0
DA:299,0
DA:301,0
DA:302,0
DA:303,0
DA:305,0
DA:323,0
DA:325,0
DA:326,0
DA:327,0
DA:330,0
DA:331,0
DA:334,0
DA:338,0
DA:339,0
DA:340,0
DA:341,0
DA:342,0
DA:343,0
DA:349,0
DA:352,0
DA:356,0
DA:359,0
DA:361,0
DA:363,0
DA:364,0
DA:367,0
DA:368,0
DA:370,0
DA:387,0
DA:389,0
DA:390,0
DA:391,0
DA:394,0
DA:395,0
DA:398,0
DA:402,0
DA:403,0
DA:404,0
DA:405,0
DA:406,0
DA:407,0
DA:413,0
DA:414,0
DA:415,0
DA:418,0
DA:430,0
DA:431,0
DA:433,0
DA:434,0
DA:435,0
DA:436,0
DA:437,0
DA:439,0
DA:440,0
DA:441,0
DA:443,0
DA:453,0
DA:457,0
DA:458,0
DA:460,0
DA:461,0
DA:462,0
DA:465,0
DA:466,0
DA:470,0
DA:471,0
DA:473,0
DA:476,0
DA:480,0
DA:482,0
DA:483,0
DA:485,0
DA:486,0
DA:488,0
DA:489,0
DA:491,0
DA:492,0
DA:493,0
DA:494,0
DA:495,0
DA:498,0
DA:503,0
DA:504,0
DA:505,0
DA:509,0
DA:510,0
DA:511,0
LF:213
LH:0
BRDA:59,0,0,0
BRDA:59,0,1,0
BRDA:62,1,0,0
BRDA:62,1,1,0
BRDA:63,2,0,0
BRDA:63,2,1,0
BRDA:64,3,0,0
BRDA:64,3,1,0
BRDA:65,4,0,0
BRDA:65,4,1,0
BRDA:72,5,0,0
BRDA:72,5,1,0
BRDA:76,6,0,0
BRDA:76,6,1,0
BRDA:79,7,0,0
BRDA:79,7,1,0
BRDA:93,8,0,0
BRDA:93,8,1,0
BRDA:104,9,0,0
BRDA:104,9,1,0
BRDA:105,10,0,0
BRDA:105,10,1,0
BRDA:106,11,0,0
BRDA:106,11,1,0
BRDA:109,12,0,0
BRDA:109,12,1,0
BRDA:109,12,2,0
BRDA:109,12,3,0
BRDA:115,13,0,0
BRDA:115,13,1,0
BRDA:115,13,2,0
BRDA:120,14,0,0
BRDA:120,14,1,0
BRDA:121,15,0,0
BRDA:121,15,1,0
BRDA:124,16,0,0
BRDA:124,16,1,0
BRDA:127,17,0,0
BRDA:127,17,1,0
BRDA:128,18,0,0
BRDA:128,18,1,0
BRDA:129,19,0,0
BRDA:129,19,1,0
BRDA:130,20,0,0
BRDA:130,20,1,0
BRDA:131,21,0,0
BRDA:131,21,1,0
BRDA:134,22,0,0
BRDA:134,22,1,0
BRDA:135,23,0,0
BRDA:135,23,1,0
BRDA:136,24,0,0
BRDA:136,24,1,0
BRDA:137,25,0,0
BRDA:137,25,1,0
BRDA:138,26,0,0
BRDA:138,26,1,0
BRDA:167,27,0,0
BRDA:167,27,1,0
BRDA:210,28,0,0
BRDA:210,28,1,0
BRDA:221,29,0,0
BRDA:221,29,1,0
BRDA:221,30,0,0
BRDA:221,30,1,0
BRDA:221,30,2,0
BRDA:221,30,3,0
BRDA:221,30,4,0
BRDA:232,31,0,0
BRDA:232,31,1,0
BRDA:245,32,0,0
BRDA:245,32,1,0
BRDA:253,33,0,0
BRDA:253,33,1,0
BRDA:253,33,2,0
BRDA:253,33,3,0
BRDA:264,34,0,0
BRDA:264,34,1,0
BRDA:275,35,0,0
BRDA:275,35,1,0
BRDA:292,36,0,0
BRDA:292,36,1,0
BRDA:292,37,0,0
BRDA:292,37,1,0
BRDA:292,37,2,0
BRDA:292,37,3,0
BRDA:301,38,0,0
BRDA:301,38,1,0
BRDA:315,39,0,0
BRDA:315,39,1,0
BRDA:323,40,0,0
BRDA:323,40,1,0
BRDA:323,40,2,0
BRDA:352,41,0,0
BRDA:352,41,1,0
BRDA:352,42,0,0
BRDA:352,42,1,0
BRDA:352,42,2,0
BRDA:352,42,3,0
BRDA:361,43,0,0
BRDA:361,43,1,0
BRDA:363,44,0,0
BRDA:363,44,1,0
BRDA:379,45,0,0
BRDA:379,45,1,0
BRDA:387,46,0,0
BRDA:387,46,1,0
BRDA:387,46,2,0
BRDA:439,47,0,0
BRDA:439,47,1,0
BRDA:439,48,0,0
BRDA:439,48,1,0
BRDA:465,49,0,0
BRDA:465,49,1,0
BRDA:470,50,0,0
BRDA:470,50,1,0
BRDA:491,51,0,0
BRDA:491,51,1,0
BRF:118
BRH:0
end_of_record
TN:
SF:src/services/MetricsService.ts
FN:27,(anonymous_9)
FN:31,(anonymous_10)
FN:35,(anonymous_11)
FN:67,(anonymous_12)
FN:76,(anonymous_13)
FN:86,(anonymous_14)
FN:96,(anonymous_15)
FN:102,(anonymous_16)
FN:111,(anonymous_17)
FN:117,(anonymous_18)
FN:124,(anonymous_19)
FN:127,(anonymous_20)
FN:135,(anonymous_21)
FN:136,(anonymous_22)
FN:137,(anonymous_23)
FN:149,(anonymous_24)
FN:152,(anonymous_25)
FN:155,(anonymous_26)
FN:162,(anonymous_27)
FN:170,(anonymous_28)
FN:172,(anonymous_29)
FN:179,(anonymous_30)
FN:186,(anonymous_31)
FN:187,(anonymous_32)
FN:193,(anonymous_33)
FN:213,(anonymous_34)
FN:239,(anonymous_35)
FN:263,(anonymous_36)
FN:278,(anonymous_37)
FN:281,(anonymous_38)
FN:288,(anonymous_39)
FN:291,(anonymous_40)
FN:298,(anonymous_41)
FN:301,(anonymous_42)
FN:308,(anonymous_43)
FN:327,(anonymous_44)
FN:335,(anonymous_45)
FN:335,(anonymous_46)
FN:376,(anonymous_47)
FN:401,(anonymous_48)
FN:405,(anonymous_49)
FN:420,(anonymous_50)
FN:436,(anonymous_51)
FN:442,(anonymous_52)
FN:462,(anonymous_53)
FN:537,(anonymous_54)
FN:604,(anonymous_55)
FN:626,(anonymous_56)
FN:640,(anonymous_57)
FN:645,(anonymous_58)
FN:657,(anonymous_59)
FN:662,(anonymous_60)
FN:672,(anonymous_61)
FN:676,(anonymous_62)
FN:710,(anonymous_63)
FN:714,(anonymous_64)
FN:718,(anonymous_65)
FN:721,(anonymous_66)
FN:734,(anonymous_67)
FN:740,(anonymous_68)
FN:749,(anonymous_69)
FNF:61
FNH:0
FNDA:0,(anonymous_9)
FNDA:0,(anonymous_10)
FNDA:0,(anonymous_11)
FNDA:0,(anonymous_12)
FNDA:0,(anonymous_13)
FNDA:0,(anonymous_14)
FNDA:0,(anonymous_15)
FNDA:0,(anonymous_16)
FNDA:0,(anonymous_17)
FNDA:0,(anonymous_18)
FNDA:0,(anonymous_19)
FNDA:0,(anonymous_20)
FNDA:0,(anonymous_21)
FNDA:0,(anonymous_22)
FNDA:0,(anonymous_23)
FNDA:0,(anonymous_24)
FNDA:0,(anonymous_25)
FNDA:0,(anonymous_26)
FNDA:0,(anonymous_27)
FNDA:0,(anonymous_28)
FNDA:0,(anonymous_29)
FNDA:0,(anonymous_30)
FNDA:0,(anonymous_31)
FNDA:0,(anonymous_32)
FNDA:0,(anonymous_33)
FNDA:0,(anonymous_34)
FNDA:0,(anonymous_35)
FNDA:0,(anonymous_36)
FNDA:0,(anonymous_37)
FNDA:0,(anonymous_38)
FNDA:0,(anonymous_39)
FNDA:0,(anonymous_40)
FNDA:0,(anonymous_41)
FNDA:0,(anonymous_42)
FNDA:0,(anonymous_43)
FNDA:0,(anonymous_44)
FNDA:0,(anonymous_45)
FNDA:0,(anonymous_46)
FNDA:0,(anonymous_47)
FNDA:0,(anonymous_48)
FNDA:0,(anonymous_49)
FNDA:0,(anonymous_50)
FNDA:0,(anonymous_51)
FNDA:0,(anonymous_52)
FNDA:0,(anonymous_53)
FNDA:0,(anonymous_54)
FNDA:0,(anonymous_55)
FNDA:0,(anonymous_56)
FNDA:0,(anonymous_57)
FNDA:0,(anonymous_58)
FNDA:0,(anonymous_59)
FNDA:0,(anonymous_60)
FNDA:0,(anonymous_61)
FNDA:0,(anonymous_62)
FNDA:0,(anonymous_63)
FNDA:0,(anonymous_64)
FNDA:0,(anonymous_65)
FNDA:0,(anonymous_66)
FNDA:0,(anonymous_67)
FNDA:0,(anonymous_68)
FNDA:0,(anonymous_69)
DA:1,0
DA:2,0
DA:5,0
DA:6,0
DA:15,0
DA:17,0
DA:20,0
DA:21,0
DA:22,0
DA:23,0
DA:28,0
DA:32,0
DA:36,0
DA:38,0
DA:39,0
DA:40,0
DA:41,0
DA:42,0
DA:43,0
DA:44,0
DA:45,0
DA:46,0
DA:47,0
DA:48,0
DA:49,0
DA:50,0
DA:51,0
DA:52,0
DA:55,0
DA:56,0
DA:57,0
DA:58,0
DA:59,0
DA:62,0
DA:63,0
DA:64,0
DA:65,0
DA:68,0
DA:69,0
DA:70,0
DA:71,0
DA:74,0
DA:75,0
DA:77,0
DA:81,0
DA:82,0
DA:87,0
DA:88,0
DA:89,0
DA:91,0
DA:93,0
DA:97,0
DA:98,0
DA:99,0
DA:103,0
DA:112,0
DA:113,0
DA:114,0
DA:117,0
DA:118,0
DA:119,0
DA:126,0
DA:128,0
DA:129,0
DA:134,0
DA:135,0
DA:136,0
DA:138,0
DA:139,0
DA:145,0
DA:148,0
DA:150,0
DA:153,0
DA:156,0
DA:161,0
DA:163,0
DA:164,0
DA:172,0
DA:173,0
DA:177,0
DA:181,0
DA:182,0
DA:186,0
DA:187,0
DA:188,0
DA:194,0
DA:195,0
DA:196,0
DA:197,0
DA:200,0
DA:201,0
DA:203,0
DA:204,0
DA:205,0
DA:206,0
DA:214,0
DA:215,0
DA:218,0
DA:219,0
DA:220,0
DA:221,0
DA:222,0
DA:223,0
DA:225,0
DA:232,0
DA:234,0
DA:240,0
DA:242,0
DA:243,0
DA:244,0
DA:245,0
DA:246,0
DA:249,0
DA:252,0
DA:259,0
DA:262,0
DA:263,0
DA:264,0
DA:268,0
DA:271,0
DA:274,0
DA:279,0
DA:281,0
DA:282,0
DA:285,0
DA:289,0
DA:291,0
DA:292,0
DA:295,0
DA:299,0
DA:301,0
DA:302,0
DA:305,0
DA:309,0
DA:311,0
DA:312,0
DA:313,0
DA:315,0
DA:318,0
DA:321,0
DA:322,0
DA:324,0
DA:325,0
DA:326,0
DA:327,0
DA:329,0
DA:332,0
DA:335,0
DA:337,0
DA:338,0
DA:339,0
DA:340,0
DA:342,0
DA:345,0
DA:346,0
DA:352,0
DA:355,0
DA:356,0
DA:359,0
DA:360,0
DA:361,0
DA:362,0
DA:363,0
DA:365,0
DA:366,0
DA:370,0
DA:372,0
DA:374,0
DA:375,0
DA:376,0
DA:381,0
DA:382,0
DA:383,0
DA:384,0
DA:390,0
DA:391,0
DA:398,0
DA:402,0
DA:404,0
DA:405,0
DA:409,0
DA:410,0
DA:411,0
DA:412,0
DA:413,0
DA:417,0
DA:421,0
DA:422,0
DA:423,0
DA:425,0
DA:428,0
DA:429,0
DA:436,0
DA:437,0
DA:438,0
DA:444,0
DA:445,0
DA:446,0
DA:450,0
DA:451,0
DA:452,0
DA:456,0
DA:457,0
DA:458,0
DA:459,0
DA:462,0
DA:463,0
DA:465,0
DA:469,0
DA:470,0
DA:471,0
DA:472,0
DA:474,0
DA:476,0
DA:477,0
DA:480,0
DA:483,0
DA:484,0
DA:485,0
DA:489,0
DA:499,0
DA:502,0
DA:503,0
DA:506,0
DA:509,0
DA:510,0
DA:512,0
DA:513,0
DA:518,0
DA:521,0
DA:522,0
DA:526,0
DA:530,0
DA:531,0
DA:536,0
DA:537,0
DA:540,0
DA:544,0
DA:545,0
DA:550,0
DA:551,0
DA:552,0
DA:556,0
DA:557,0
DA:559,0
DA:561,0
DA:564,0
DA:565,0
DA:566,0
DA:570,0
DA:578,0
DA:581,0
DA:582,0
DA:583,0
DA:584,0
DA:585,0
DA:586,0
DA:587,0
DA:588,0
DA:591,0
DA:592,0
DA:594,0
DA:597,0
DA:598,0
DA:600,0
DA:602,0
DA:603,0
DA:604,0
DA:606,0
DA:612,0
DA:613,0
DA:618,0
DA:619,0
DA:622,0
DA:623,0
DA:627,0
DA:628,0
DA:633,0
DA:636,0
DA:639,0
DA:640,0
DA:647,0
DA:658,0
DA:662,0
DA:673,0
DA:677,0
DA:678,0
DA:681,0
DA:682,0
DA:683,0
DA:686,0
DA:688,0
DA:700,0
DA:701,0
DA:702,0
DA:703,0
DA:704,0
DA:705,0
DA:707,0
DA:711,0
DA:715,0
DA:716,0
DA:718,0
DA:722,0
DA:723,0
DA:724,0
DA:725,0
DA:726,0
DA:736,0
DA:737,0
DA:740,0
DA:741,0
DA:744,0
DA:746,0
DA:750,0
DA:751,0
DA:752,0
DA:754,0
DA:755,0
DA:756,0
LF:320
LH:0
BRDA:81,0,0,0
BRDA:81,0,1,0
BRDA:87,1,0,0
BRDA:87,1,1,0
BRDA:89,2,0,0
BRDA:89,2,1,0
BRDA:113,3,0,0
BRDA:113,3,1,0
BRDA:114,4,0,0
BRDA:114,4,1,0
BRDA:118,5,0,0
BRDA:118,5,1,0
BRDA:138,6,0,0
BRDA:138,6,1,0
BRDA:163,7,0,0
BRDA:163,7,1,0
BRDA:181,8,0,0
BRDA:181,8,1,0
BRDA:195,9,0,0
BRDA:195,9,1,0
BRDA:203,10,0,0
BRDA:203,10,1,0
BRDA:214,11,0,0
BRDA:214,11,1,0
BRDA:214,12,0,0
BRDA:214,12,1,0
BRDA:240,13,0,0
BRDA:240,13,1,0
BRDA:249,14,0,0
BRDA:249,14,1,0
BRDA:262,15,0,0
BRDA:262,15,1,0
BRDA:279,16,0,0
BRDA:279,16,1,0
BRDA:289,17,0,0
BRDA:289,17,1,0
BRDA:299,18,0,0
BRDA:299,18,1,0
BRDA:308,19,0,0
BRDA:309,20,0,0
BRDA:309,20,1,0
BRDA:324,21,0,0
BRDA:324,21,1,0
BRDA:326,22,0,0
BRDA:326,22,1,0
BRDA:345,23,0,0
BRDA:345,23,1,0
BRDA:345,24,0,0
BRDA:345,24,1,0
BRDA:355,25,0,0
BRDA:355,25,1,0
BRDA:359,26,0,0
BRDA:359,26,1,0
BRDA:359,27,0,0
BRDA:359,27,1,0
BRDA:360,28,0,0
BRDA:360,28,1,0
BRDA:361,29,0,0
BRDA:361,29,1,0
BRDA:363,30,0,0
BRDA:363,30,1,0
BRDA:365,31,0,0
BRDA:365,31,1,0
BRDA:372,32,0,0
BRDA:372,32,1,0
BRDA:381,33,0,0
BRDA:381,33,1,0
BRDA:381,34,0,0
BRDA:381,34,1,0
BRDA:390,35,0,0
BRDA:390,35,1,0
BRDA:409,36,0,0
BRDA:409,36,1,0
BRDA:428,37,0,0
BRDA:428,37,1,0
BRDA:442,38,0,0
BRDA:444,39,0,0
BRDA:444,39,1,0
BRDA:450,40,0,0
BRDA:450,40,1,0
BRDA:456,41,0,0
BRDA:456,41,1,0
BRDA:457,42,0,0
BRDA:457,42,1,0
BRDA:470,43,0,0
BRDA:470,43,1,0
BRDA:470,44,0,0
BRDA:470,44,1,0
BRDA:483,45,0,0
BRDA:483,45,1,0
BRDA:483,46,0,0
BRDA:483,46,1,0
BRDA:502,47,0,0
BRDA:502,47,1,0
BRDA:502,48,0,0
BRDA:502,48,1,0
BRDA:509,49,0,0
BRDA:509,49,1,0
BRDA:521,50,0,0
BRDA:521,50,1,0
BRDA:521,51,0,0
BRDA:521,51,1,0
BRDA:522,52,0,0
BRDA:522,52,1,0
BRDA:530,53,0,0
BRDA:530,53,1,0
BRDA:544,54,0,0
BRDA:544,54,1,0
BRDA:544,55,0,0
BRDA:544,55,1,0
BRDA:550,56,0,0
BRDA:550,56,1,0
BRDA:550,57,0,0
BRDA:550,57,1,0
BRDA:564,58,0,0
BRDA:564,58,1,0
BRDA:564,59,0,0
BRDA:564,59,1,0
BRDA:591,60,0,0
BRDA:591,60,1,0
BRDA:591,61,0,0
BRDA:591,61,1,0
BRDA:597,62,0,0
BRDA:597,62,1,0
BRDA:600,63,0,0
BRDA:600,63,1,0
BRDA:614,64,0,0
BRDA:614,64,1,0
BRDA:618,65,0,0
BRDA:618,65,1,0
BRDA:622,66,0,0
BRDA:622,66,1,0
BRDA:622,67,0,0
BRDA:622,67,1,0
BRDA:627,68,0,0
BRDA:627,68,1,0
BRDA:639,69,0,0
BRDA:639,69,1,0
BRDA:648,70,0,0
BRDA:648,70,1,0
BRDA:648,70,2,0
BRDA:648,70,3,0
BRDA:648,70,4,0
BRDA:648,70,5,0
BRDA:648,71,0,0
BRDA:648,71,1,0
BRDA:649,72,0,0
BRDA:649,72,1,0
BRDA:650,73,0,0
BRDA:650,73,1,0
BRDA:651,74,0,0
BRDA:651,74,1,0
BRDA:652,75,0,0
BRDA:652,75,1,0
BRDA:653,76,0,0
BRDA:653,76,1,0
BRDA:661,77,0,0
BRDA:661,77,1,0
BRDA:662,78,0,0
BRDA:662,78,1,0
BRDA:663,79,0,0
BRDA:663,79,1,0
BRDA:678,80,0,0
BRDA:678,80,1,0
BRDA:682,81,0,0
BRDA:682,81,1,0
BRDA:692,82,0,0
BRDA:692,82,1,0
BRDA:695,83,0,0
BRDA:695,83,1,0
BRDA:701,84,0,0
BRDA:701,84,1,0
BRDA:715,85,0,0
BRDA:715,85,1,0
BRDA:722,86,0,0
BRDA:722,86,1,0
BRDA:736,87,0,0
BRDA:736,87,1,0
BRDA:750,88,0,0
BRDA:750,88,1,0
BRDA:754,89,0,0
BRDA:754,89,1,0
BRF:182
BRH:0
end_of_record
TN:
SF:src/utils/NotificationManager.ts
FN:159,(anonymous_9)
FN:163,(anonymous_10)
FN:174,(anonymous_11)
FN:187,(anonymous_12)
FN:188,(anonymous_13)
FN:240,(anonymous_14)
FN:247,(anonymous_15)
FN:268,(anonymous_16)
FN:272,(anonymous_17)
FN:290,(anonymous_18)
FN:456,(anonymous_19)
FN:457,(anonymous_20)
FN:465,(anonymous_21)
FN:475,(anonymous_22)
FN:504,(anonymous_23)
FN:513,(anonymous_24)
FN:527,(anonymous_25)
FN:541,(anonymous_26)
FN:545,(anonymous_27)
FN:559,(anonymous_28)
FNF:20
FNH:0
FNDA:0,(anonymous_9)
FNDA:0,(anonymous_10)
FNDA:0,(anonymous_11)
FNDA:0,(anonymous_12)
FNDA:0,(anonymous_13)
FNDA:0,(anonymous_14)
FNDA:0,(anonymous_15)
FNDA:0,(anonymous_16)
FNDA:0,(anonymous_17)
FNDA:0,(anonymous_18)
FNDA:0,(anonymous_19)
FNDA:0,(anonymous_20)
FNDA:0,(anonymous_21)
FNDA:0,(anonymous_22)
FNDA:0,(anonymous_23)
FNDA:0,(anonymous_24)
FNDA:0,(anonymous_25)
FNDA:0,(anonymous_26)
FNDA:0,(anonymous_27)
FNDA:0,(anonymous_28)
DA:1,0
DA:142,0
DA:144,0
DA:146,0
DA:147,0
DA:148,0
DA:157,0
DA:160,0
DA:164,0
DA:165,0
DA:166,0
DA:167,0
DA:170,0
DA:175,0
DA:177,0
DA:178,0
DA:179,0
DA:180,0
DA:183,0
DA:188,0
DA:189,0
DA:190,0
DA:191,0
DA:194,0
DA:195,0
DA:196,0
DA:198,0
DA:199,0
DA:200,0
DA:203,0
DA:204,0
DA:205,0
DA:208,0
DA:209,0
DA:210,0
DA:211,0
DA:212,0
DA:213,0
DA:214,0
DA:216,0
DA:220,0
DA:221,0
DA:222,0
DA:223,0
DA:224,0
DA:225,0
DA:227,0
DA:230,0
DA:233,0
DA:235,0
DA:241,0
DA:242,0
DA:244,0
DA:257,0
DA:260,0
DA:261,0
DA:268,0
DA:269,0
DA:272,0
DA:273,0
DA:274,0
DA:275,0
DA:280,0
DA:281,0
DA:285,0
DA:288,0
DA:289,0
DA:290,0
DA:301,0
DA:313,0
DA:453,0
DA:456,0
DA:457,0
DA:458,0
DA:459,0
DA:460,0
DA:464,0
DA:465,0
DA:466,0
DA:467,0
DA:468,0
DA:476,0
DA:478,0
DA:480,0
DA:481,0
DA:482,0
DA:483,0
DA:485,0
DA:486,0
DA:490,0
DA:491,0
DA:493,0
DA:494,0
DA:496,0
DA:497,0
DA:499,0
DA:500,0
DA:502,0
DA:504,0
DA:505,0
DA:506,0
DA:509,0
DA:514,0
DA:516,0
DA:518,0
DA:520,0
DA:523,0
DA:528,0
DA:530,0
DA:532,0
DA:534,0
DA:537,0
DA:542,0
DA:546,0
DA:548,0
DA:550,0
DA:552,0
DA:555,0
DA:560,0
DA:561,0
DA:562,0
LF:121
LH:0
BRDA:165,0,0,0
BRDA:165,0,1,0
BRDA:166,1,0,0
BRDA:166,1,1,0
BRDA:175,2,0,0
BRDA:175,2,1,0
BRDA:179,3,0,0
BRDA:179,3,1,0
BRDA:189,4,0,0
BRDA:189,4,1,0
BRDA:194,5,0,0
BRDA:194,6,0,0
BRDA:194,7,0,0
BRDA:194,8,0,0
BRDA:194,9,0,0
BRDA:194,10,0,0
BRDA:209,11,0,0
BRDA:209,11,1,0
BRDA:211,12,0,0
BRDA:211,12,1,0
BRDA:213,13,0,0
BRDA:213,13,1,0
BRDA:220,14,0,0
BRDA:220,14,1,0
BRDA:222,15,0,0
BRDA:222,15,1,0
BRDA:224,16,0,0
BRDA:224,16,1,0
BRDA:230,17,0,0
BRDA:230,17,1,0
BRDA:241,18,0,0
BRDA:241,18,1,0
BRDA:257,19,0,0
BRDA:257,20,0,0
BRDA:260,21,0,0
BRDA:260,21,1,0
BRDA:273,22,0,0
BRDA:273,22,1,0
BRDA:274,23,0,0
BRDA:274,23,1,0
BRDA:285,24,0,0
BRDA:285,24,1,0
BRDA:285,25,0,0
BRDA:285,25,1,0
BRDA:292,26,0,0
BRDA:292,26,1,0
BRDA:301,27,0,0
BRDA:301,27,1,0
BRDA:305,28,0,0
BRDA:305,28,1,0
BRDA:307,29,0,0
BRDA:307,29,1,0
BRDA:432,30,0,0
BRDA:432,30,1,0
BRDA:458,31,0,0
BRDA:458,31,1,0
BRDA:464,32,0,0
BRDA:464,32,1,0
BRDA:466,33,0,0
BRDA:466,33,1,0
BRDA:475,34,0,0
BRDA:476,35,0,0
BRDA:476,35,1,0
BRDA:476,36,0,0
BRDA:476,36,1,0
BRDA:480,37,0,0
BRDA:480,37,1,0
BRDA:482,38,0,0
BRDA:482,38,1,0
BRDA:491,39,0,0
BRDA:491,39,1,0
BRDA:514,40,0,0
BRDA:514,40,1,0
BRDA:514,40,2,0
BRDA:514,40,3,0
BRDA:514,40,4,0
BRDA:528,41,0,0
BRDA:528,41,1,0
BRDA:528,41,2,0
BRDA:528,41,3,0
BRDA:528,41,4,0
BRDA:546,42,0,0
BRDA:546,42,1,0
BRDA:546,42,2,0
BRDA:546,42,3,0
BRDA:546,42,4,0
BRDA:560,43,0,0
BRDA:560,43,1,0
BRF:88
BRH:0
end_of_record
